<?xml version="1.0" encoding="UTF-8"?>
<testsuite xmlns:xsi="http://www.w3.org/2001/XMLSchema-instance" xsi:noNamespaceSchemaLocation="https://maven.apache.org/surefire/maven-surefire-plugin/xsd/surefire-test-report.xsd" version="3.0.2" name="com.personal.calculateTaxes.commands.CalculatorCommandsTest" time="1.865" tests="5" errors="0" skipped="0" failures="0">
  <properties>
    <property name="java.specification.version" value="17"/>
    <property name="sun.cpu.isalist" value="amd64"/>
    <property name="sun.jnu.encoding" value="Cp1252"/>
    <property name="java.class.path" value="E:\Development\Projects\calculateTaxes\target\test-classes;E:\Development\Projects\calculateTaxes\target\classes;C:\Users\thmik\.m2\repository\org\springframework\shell\spring-shell-starter\3.4.0\spring-shell-starter-3.4.0.jar;C:\Users\thmik\.m2\repository\org\springframework\shell\spring-shell-autoconfigure\3.4.0\spring-shell-autoconfigure-3.4.0.jar;C:\Users\thmik\.m2\repository\org\springframework\boot\spring-boot-autoconfigure\3.4.2\spring-boot-autoconfigure-3.4.2.jar;C:\Users\thmik\.m2\repository\org\springframework\shell\spring-shell-core\3.4.0\spring-shell-core-3.4.0.jar;C:\Users\thmik\.m2\repository\org\springframework\boot\spring-boot-starter-validation\3.4.2\spring-boot-starter-validation-3.4.2.jar;C:\Users\thmik\.m2\repository\org\apache\tomcat\embed\tomcat-embed-el\10.1.34\tomcat-embed-el-10.1.34.jar;C:\Users\thmik\.m2\repository\org\hibernate\validator\hibernate-validator\8.0.2.Final\hibernate-validator-8.0.2.Final.jar;C:\Users\thmik\.m2\repository\jakarta\validation\jakarta.validation-api\3.0.2\jakarta.validation-api-3.0.2.jar;C:\Users\thmik\.m2\repository\org\jboss\logging\jboss-logging\3.6.1.Final\jboss-logging-3.6.1.Final.jar;C:\Users\thmik\.m2\repository\com\fasterxml\classmate\1.7.0\classmate-1.7.0.jar;C:\Users\thmik\.m2\repository\org\springframework\spring-messaging\6.2.2\spring-messaging-6.2.2.jar;C:\Users\thmik\.m2\repository\org\springframework\spring-beans\6.2.2\spring-beans-6.2.2.jar;C:\Users\thmik\.m2\repository\io\projectreactor\reactor-core\3.7.2\reactor-core-3.7.2.jar;C:\Users\thmik\.m2\repository\org\reactivestreams\reactive-streams\1.0.4\reactive-streams-1.0.4.jar;C:\Users\thmik\.m2\repository\org\jline\jline-console\3.26.3\jline-console-3.26.3.jar;C:\Users\thmik\.m2\repository\org\jline\jline-builtins\3.26.3\jline-builtins-3.26.3.jar;C:\Users\thmik\.m2\repository\org\jline\jline-reader\3.26.3\jline-reader-3.26.3.jar;C:\Users\thmik\.m2\repository\org\jline\jline-style\3.26.3\jline-style-3.26.3.jar;C:\Users\thmik\.m2\repository\org\jline\jline-terminal\3.26.3\jline-terminal-3.26.3.jar;C:\Users\thmik\.m2\repository\org\jline\jline-native\3.26.3\jline-native-3.26.3.jar;C:\Users\thmik\.m2\repository\org\antlr\ST4\4.3.4\ST4-4.3.4.jar;C:\Users\thmik\.m2\repository\org\antlr\antlr-runtime\3.5.3\antlr-runtime-3.5.3.jar;C:\Users\thmik\.m2\repository\commons-io\commons-io\2.18.0\commons-io-2.18.0.jar;C:\Users\thmik\.m2\repository\org\springframework\shell\spring-shell-standard\3.4.0\spring-shell-standard-3.4.0.jar;C:\Users\thmik\.m2\repository\org\springframework\shell\spring-shell-standard-commands\3.4.0\spring-shell-standard-commands-3.4.0.jar;C:\Users\thmik\.m2\repository\org\springframework\shell\spring-shell-table\3.4.0\spring-shell-table-3.4.0.jar;C:\Users\thmik\.m2\repository\org\springframework\spring-context\6.2.2\spring-context-6.2.2.jar;C:\Users\thmik\.m2\repository\org\springframework\spring-aop\6.2.2\spring-aop-6.2.2.jar;C:\Users\thmik\.m2\repository\org\springframework\spring-expression\6.2.2\spring-expression-6.2.2.jar;C:\Users\thmik\.m2\repository\io\micrometer\micrometer-observation\1.14.3\micrometer-observation-1.14.3.jar;C:\Users\thmik\.m2\repository\io\micrometer\micrometer-commons\1.14.3\micrometer-commons-1.14.3.jar;C:\Users\thmik\.m2\repository\org\springframework\boot\spring-boot-starter\3.4.2\spring-boot-starter-3.4.2.jar;C:\Users\thmik\.m2\repository\org\springframework\boot\spring-boot\3.4.2\spring-boot-3.4.2.jar;C:\Users\thmik\.m2\repository\org\springframework\boot\spring-boot-starter-logging\3.4.2\spring-boot-starter-logging-3.4.2.jar;C:\Users\thmik\.m2\repository\ch\qos\logback\logback-classic\1.5.16\logback-classic-1.5.16.jar;C:\Users\thmik\.m2\repository\ch\qos\logback\logback-core\1.5.16\logback-core-1.5.16.jar;C:\Users\thmik\.m2\repository\org\apache\logging\log4j\log4j-to-slf4j\2.24.3\log4j-to-slf4j-2.24.3.jar;C:\Users\thmik\.m2\repository\org\apache\logging\log4j\log4j-api\2.24.3\log4j-api-2.24.3.jar;C:\Users\thmik\.m2\repository\org\slf4j\jul-to-slf4j\2.0.16\jul-to-slf4j-2.0.16.jar;C:\Users\thmik\.m2\repository\jakarta\annotation\jakarta.annotation-api\2.1.1\jakarta.annotation-api-2.1.1.jar;C:\Users\thmik\.m2\repository\org\yaml\snakeyaml\2.3\snakeyaml-2.3.jar;C:\Users\thmik\.m2\repository\org\springframework\boot\spring-boot-starter-test\3.4.2\spring-boot-starter-test-3.4.2.jar;C:\Users\thmik\.m2\repository\org\springframework\boot\spring-boot-test\3.4.2\spring-boot-test-3.4.2.jar;C:\Users\thmik\.m2\repository\org\springframework\boot\spring-boot-test-autoconfigure\3.4.2\spring-boot-test-autoconfigure-3.4.2.jar;C:\Users\thmik\.m2\repository\com\jayway\jsonpath\json-path\2.9.0\json-path-2.9.0.jar;C:\Users\thmik\.m2\repository\org\slf4j\slf4j-api\2.0.16\slf4j-api-2.0.16.jar;C:\Users\thmik\.m2\repository\jakarta\xml\bind\jakarta.xml.bind-api\4.0.2\jakarta.xml.bind-api-4.0.2.jar;C:\Users\thmik\.m2\repository\jakarta\activation\jakarta.activation-api\2.1.3\jakarta.activation-api-2.1.3.jar;C:\Users\thmik\.m2\repository\net\minidev\json-smart\2.5.1\json-smart-2.5.1.jar;C:\Users\thmik\.m2\repository\net\minidev\accessors-smart\2.5.1\accessors-smart-2.5.1.jar;C:\Users\thmik\.m2\repository\org\ow2\asm\asm\9.6\asm-9.6.jar;C:\Users\thmik\.m2\repository\org\assertj\assertj-core\3.26.3\assertj-core-3.26.3.jar;C:\Users\thmik\.m2\repository\net\bytebuddy\byte-buddy\1.15.11\byte-buddy-1.15.11.jar;C:\Users\thmik\.m2\repository\org\awaitility\awaitility\4.2.2\awaitility-4.2.2.jar;C:\Users\thmik\.m2\repository\org\hamcrest\hamcrest\2.2\hamcrest-2.2.jar;C:\Users\thmik\.m2\repository\org\junit\jupiter\junit-jupiter\5.11.4\junit-jupiter-5.11.4.jar;C:\Users\thmik\.m2\repository\org\junit\jupiter\junit-jupiter-api\5.11.4\junit-jupiter-api-5.11.4.jar;C:\Users\thmik\.m2\repository\org\opentest4j\opentest4j\1.3.0\opentest4j-1.3.0.jar;C:\Users\thmik\.m2\repository\org\junit\platform\junit-platform-commons\1.11.4\junit-platform-commons-1.11.4.jar;C:\Users\thmik\.m2\repository\org\apiguardian\apiguardian-api\1.1.2\apiguardian-api-1.1.2.jar;C:\Users\thmik\.m2\repository\org\junit\jupiter\junit-jupiter-params\5.11.4\junit-jupiter-params-5.11.4.jar;C:\Users\thmik\.m2\repository\org\junit\jupiter\junit-jupiter-engine\5.11.4\junit-jupiter-engine-5.11.4.jar;C:\Users\thmik\.m2\repository\org\junit\platform\junit-platform-engine\1.11.4\junit-platform-engine-1.11.4.jar;C:\Users\thmik\.m2\repository\org\mockito\mockito-core\5.14.2\mockito-core-5.14.2.jar;C:\Users\thmik\.m2\repository\net\bytebuddy\byte-buddy-agent\1.15.11\byte-buddy-agent-1.15.11.jar;C:\Users\thmik\.m2\repository\org\objenesis\objenesis\3.3\objenesis-3.3.jar;C:\Users\thmik\.m2\repository\org\mockito\mockito-junit-jupiter\5.14.2\mockito-junit-jupiter-5.14.2.jar;C:\Users\thmik\.m2\repository\org\skyscreamer\jsonassert\1.5.3\jsonassert-1.5.3.jar;C:\Users\thmik\.m2\repository\com\vaadin\external\google\android-json\0.0.20131108.vaadin1\android-json-0.0.20131108.vaadin1.jar;C:\Users\thmik\.m2\repository\org\springframework\spring-core\6.2.2\spring-core-6.2.2.jar;C:\Users\thmik\.m2\repository\org\springframework\spring-jcl\6.2.2\spring-jcl-6.2.2.jar;C:\Users\thmik\.m2\repository\org\springframework\spring-test\6.2.2\spring-test-6.2.2.jar;C:\Users\thmik\.m2\repository\org\xmlunit\xmlunit-core\2.10.0\xmlunit-core-2.10.0.jar;C:\Users\thmik\.m2\repository\org\springframework\shell\spring-shell-starter-test\3.4.0\spring-shell-starter-test-3.4.0.jar;C:\Users\thmik\.m2\repository\org\springframework\shell\spring-shell-test\3.4.0\spring-shell-test-3.4.0.jar;C:\Users\thmik\.m2\repository\org\springframework\shell\spring-shell-test-autoconfigure\3.4.0\spring-shell-test-autoconfigure-3.4.0.jar;C:\Users\thmik\.m2\repository\org\projectlombok\lombok\1.18.36\lombok-1.18.36.jar;C:\Users\thmik\.m2\repository\com\fasterxml\jackson\core\jackson-databind\2.18.2\jackson-databind-2.18.2.jar;C:\Users\thmik\.m2\repository\com\fasterxml\jackson\core\jackson-annotations\2.18.2\jackson-annotations-2.18.2.jar;C:\Users\thmik\.m2\repository\com\fasterxml\jackson\core\jackson-core\2.18.2\jackson-core-2.18.2.jar;"/>
    <property name="java.vm.vendor" value="Oracle Corporation"/>
    <property name="sun.arch.data.model" value="64"/>
    <property name="user.variant" value=""/>
    <property name="java.vendor.url" value="https://java.oracle.com/"/>
    <property name="user.timezone" value="America/Sao_Paulo"/>
    <property name="os.name" value="Windows 10"/>
    <property name="java.vm.specification.version" value="17"/>
    <property name="sun.java.launcher" value="SUN_STANDARD"/>
    <property name="user.country" value="BR"/>
    <property name="sun.boot.library.path" value="E:\Development\graalvm-jdk-17.0.9_windows-x64_bin\graalvm-jdk-17.0.9+11.1\bin"/>
    <property name="sun.java.command" value="C:\Users\thmik\AppData\Local\Temp\surefire16022204047385456003\surefirebooter-20250303172844516_3.jar C:\Users\thmik\AppData\Local\Temp\surefire16022204047385456003 2025-03-03T17-28-44_096-jvmRun1 surefire-20250303172844516_1tmp surefire_0-20250303172844516_2tmp"/>
    <property name="jdk.debug" value="release"/>
    <property name="surefire.test.class.path" value="E:\Development\Projects\calculateTaxes\target\test-classes;E:\Development\Projects\calculateTaxes\target\classes;C:\Users\thmik\.m2\repository\org\springframework\shell\spring-shell-starter\3.4.0\spring-shell-starter-3.4.0.jar;C:\Users\thmik\.m2\repository\org\springframework\shell\spring-shell-autoconfigure\3.4.0\spring-shell-autoconfigure-3.4.0.jar;C:\Users\thmik\.m2\repository\org\springframework\boot\spring-boot-autoconfigure\3.4.2\spring-boot-autoconfigure-3.4.2.jar;C:\Users\thmik\.m2\repository\org\springframework\shell\spring-shell-core\3.4.0\spring-shell-core-3.4.0.jar;C:\Users\thmik\.m2\repository\org\springframework\boot\spring-boot-starter-validation\3.4.2\spring-boot-starter-validation-3.4.2.jar;C:\Users\thmik\.m2\repository\org\apache\tomcat\embed\tomcat-embed-el\10.1.34\tomcat-embed-el-10.1.34.jar;C:\Users\thmik\.m2\repository\org\hibernate\validator\hibernate-validator\8.0.2.Final\hibernate-validator-8.0.2.Final.jar;C:\Users\thmik\.m2\repository\jakarta\validation\jakarta.validation-api\3.0.2\jakarta.validation-api-3.0.2.jar;C:\Users\thmik\.m2\repository\org\jboss\logging\jboss-logging\3.6.1.Final\jboss-logging-3.6.1.Final.jar;C:\Users\thmik\.m2\repository\com\fasterxml\classmate\1.7.0\classmate-1.7.0.jar;C:\Users\thmik\.m2\repository\org\springframework\spring-messaging\6.2.2\spring-messaging-6.2.2.jar;C:\Users\thmik\.m2\repository\org\springframework\spring-beans\6.2.2\spring-beans-6.2.2.jar;C:\Users\thmik\.m2\repository\io\projectreactor\reactor-core\3.7.2\reactor-core-3.7.2.jar;C:\Users\thmik\.m2\repository\org\reactivestreams\reactive-streams\1.0.4\reactive-streams-1.0.4.jar;C:\Users\thmik\.m2\repository\org\jline\jline-console\3.26.3\jline-console-3.26.3.jar;C:\Users\thmik\.m2\repository\org\jline\jline-builtins\3.26.3\jline-builtins-3.26.3.jar;C:\Users\thmik\.m2\repository\org\jline\jline-reader\3.26.3\jline-reader-3.26.3.jar;C:\Users\thmik\.m2\repository\org\jline\jline-style\3.26.3\jline-style-3.26.3.jar;C:\Users\thmik\.m2\repository\org\jline\jline-terminal\3.26.3\jline-terminal-3.26.3.jar;C:\Users\thmik\.m2\repository\org\jline\jline-native\3.26.3\jline-native-3.26.3.jar;C:\Users\thmik\.m2\repository\org\antlr\ST4\4.3.4\ST4-4.3.4.jar;C:\Users\thmik\.m2\repository\org\antlr\antlr-runtime\3.5.3\antlr-runtime-3.5.3.jar;C:\Users\thmik\.m2\repository\commons-io\commons-io\2.18.0\commons-io-2.18.0.jar;C:\Users\thmik\.m2\repository\org\springframework\shell\spring-shell-standard\3.4.0\spring-shell-standard-3.4.0.jar;C:\Users\thmik\.m2\repository\org\springframework\shell\spring-shell-standard-commands\3.4.0\spring-shell-standard-commands-3.4.0.jar;C:\Users\thmik\.m2\repository\org\springframework\shell\spring-shell-table\3.4.0\spring-shell-table-3.4.0.jar;C:\Users\thmik\.m2\repository\org\springframework\spring-context\6.2.2\spring-context-6.2.2.jar;C:\Users\thmik\.m2\repository\org\springframework\spring-aop\6.2.2\spring-aop-6.2.2.jar;C:\Users\thmik\.m2\repository\org\springframework\spring-expression\6.2.2\spring-expression-6.2.2.jar;C:\Users\thmik\.m2\repository\io\micrometer\micrometer-observation\1.14.3\micrometer-observation-1.14.3.jar;C:\Users\thmik\.m2\repository\io\micrometer\micrometer-commons\1.14.3\micrometer-commons-1.14.3.jar;C:\Users\thmik\.m2\repository\org\springframework\boot\spring-boot-starter\3.4.2\spring-boot-starter-3.4.2.jar;C:\Users\thmik\.m2\repository\org\springframework\boot\spring-boot\3.4.2\spring-boot-3.4.2.jar;C:\Users\thmik\.m2\repository\org\springframework\boot\spring-boot-starter-logging\3.4.2\spring-boot-starter-logging-3.4.2.jar;C:\Users\thmik\.m2\repository\ch\qos\logback\logback-classic\1.5.16\logback-classic-1.5.16.jar;C:\Users\thmik\.m2\repository\ch\qos\logback\logback-core\1.5.16\logback-core-1.5.16.jar;C:\Users\thmik\.m2\repository\org\apache\logging\log4j\log4j-to-slf4j\2.24.3\log4j-to-slf4j-2.24.3.jar;C:\Users\thmik\.m2\repository\org\apache\logging\log4j\log4j-api\2.24.3\log4j-api-2.24.3.jar;C:\Users\thmik\.m2\repository\org\slf4j\jul-to-slf4j\2.0.16\jul-to-slf4j-2.0.16.jar;C:\Users\thmik\.m2\repository\jakarta\annotation\jakarta.annotation-api\2.1.1\jakarta.annotation-api-2.1.1.jar;C:\Users\thmik\.m2\repository\org\yaml\snakeyaml\2.3\snakeyaml-2.3.jar;C:\Users\thmik\.m2\repository\org\springframework\boot\spring-boot-starter-test\3.4.2\spring-boot-starter-test-3.4.2.jar;C:\Users\thmik\.m2\repository\org\springframework\boot\spring-boot-test\3.4.2\spring-boot-test-3.4.2.jar;C:\Users\thmik\.m2\repository\org\springframework\boot\spring-boot-test-autoconfigure\3.4.2\spring-boot-test-autoconfigure-3.4.2.jar;C:\Users\thmik\.m2\repository\com\jayway\jsonpath\json-path\2.9.0\json-path-2.9.0.jar;C:\Users\thmik\.m2\repository\org\slf4j\slf4j-api\2.0.16\slf4j-api-2.0.16.jar;C:\Users\thmik\.m2\repository\jakarta\xml\bind\jakarta.xml.bind-api\4.0.2\jakarta.xml.bind-api-4.0.2.jar;C:\Users\thmik\.m2\repository\jakarta\activation\jakarta.activation-api\2.1.3\jakarta.activation-api-2.1.3.jar;C:\Users\thmik\.m2\repository\net\minidev\json-smart\2.5.1\json-smart-2.5.1.jar;C:\Users\thmik\.m2\repository\net\minidev\accessors-smart\2.5.1\accessors-smart-2.5.1.jar;C:\Users\thmik\.m2\repository\org\ow2\asm\asm\9.6\asm-9.6.jar;C:\Users\thmik\.m2\repository\org\assertj\assertj-core\3.26.3\assertj-core-3.26.3.jar;C:\Users\thmik\.m2\repository\net\bytebuddy\byte-buddy\1.15.11\byte-buddy-1.15.11.jar;C:\Users\thmik\.m2\repository\org\awaitility\awaitility\4.2.2\awaitility-4.2.2.jar;C:\Users\thmik\.m2\repository\org\hamcrest\hamcrest\2.2\hamcrest-2.2.jar;C:\Users\thmik\.m2\repository\org\junit\jupiter\junit-jupiter\5.11.4\junit-jupiter-5.11.4.jar;C:\Users\thmik\.m2\repository\org\junit\jupiter\junit-jupiter-api\5.11.4\junit-jupiter-api-5.11.4.jar;C:\Users\thmik\.m2\repository\org\opentest4j\opentest4j\1.3.0\opentest4j-1.3.0.jar;C:\Users\thmik\.m2\repository\org\junit\platform\junit-platform-commons\1.11.4\junit-platform-commons-1.11.4.jar;C:\Users\thmik\.m2\repository\org\apiguardian\apiguardian-api\1.1.2\apiguardian-api-1.1.2.jar;C:\Users\thmik\.m2\repository\org\junit\jupiter\junit-jupiter-params\5.11.4\junit-jupiter-params-5.11.4.jar;C:\Users\thmik\.m2\repository\org\junit\jupiter\junit-jupiter-engine\5.11.4\junit-jupiter-engine-5.11.4.jar;C:\Users\thmik\.m2\repository\org\junit\platform\junit-platform-engine\1.11.4\junit-platform-engine-1.11.4.jar;C:\Users\thmik\.m2\repository\org\mockito\mockito-core\5.14.2\mockito-core-5.14.2.jar;C:\Users\thmik\.m2\repository\net\bytebuddy\byte-buddy-agent\1.15.11\byte-buddy-agent-1.15.11.jar;C:\Users\thmik\.m2\repository\org\objenesis\objenesis\3.3\objenesis-3.3.jar;C:\Users\thmik\.m2\repository\org\mockito\mockito-junit-jupiter\5.14.2\mockito-junit-jupiter-5.14.2.jar;C:\Users\thmik\.m2\repository\org\skyscreamer\jsonassert\1.5.3\jsonassert-1.5.3.jar;C:\Users\thmik\.m2\repository\com\vaadin\external\google\android-json\0.0.20131108.vaadin1\android-json-0.0.20131108.vaadin1.jar;C:\Users\thmik\.m2\repository\org\springframework\spring-core\6.2.2\spring-core-6.2.2.jar;C:\Users\thmik\.m2\repository\org\springframework\spring-jcl\6.2.2\spring-jcl-6.2.2.jar;C:\Users\thmik\.m2\repository\org\springframework\spring-test\6.2.2\spring-test-6.2.2.jar;C:\Users\thmik\.m2\repository\org\xmlunit\xmlunit-core\2.10.0\xmlunit-core-2.10.0.jar;C:\Users\thmik\.m2\repository\org\springframework\shell\spring-shell-starter-test\3.4.0\spring-shell-starter-test-3.4.0.jar;C:\Users\thmik\.m2\repository\org\springframework\shell\spring-shell-test\3.4.0\spring-shell-test-3.4.0.jar;C:\Users\thmik\.m2\repository\org\springframework\shell\spring-shell-test-autoconfigure\3.4.0\spring-shell-test-autoconfigure-3.4.0.jar;C:\Users\thmik\.m2\repository\org\projectlombok\lombok\1.18.36\lombok-1.18.36.jar;C:\Users\thmik\.m2\repository\com\fasterxml\jackson\core\jackson-databind\2.18.2\jackson-databind-2.18.2.jar;C:\Users\thmik\.m2\repository\com\fasterxml\jackson\core\jackson-annotations\2.18.2\jackson-annotations-2.18.2.jar;C:\Users\thmik\.m2\repository\com\fasterxml\jackson\core\jackson-core\2.18.2\jackson-core-2.18.2.jar;"/>
    <property name="sun.cpu.endian" value="little"/>
    <property name="user.home" value="C:\Users\thmik"/>
    <property name="user.language" value="pt"/>
    <property name="java.specification.vendor" value="Oracle Corporation"/>
    <property name="java.version.date" value="2023-10-17"/>
    <property name="java.home" value="E:\Development\graalvm-jdk-17.0.9_windows-x64_bin\graalvm-jdk-17.0.9+11.1"/>
    <property name="file.separator" value="\"/>
    <property name="basedir" value="E:\Development\Projects\calculateTaxes"/>
    <property name="java.vm.compressedOopsMode" value="32-bit"/>
    <property name="jdk.internal.vm.ci.enabled" value="true"/>
    <property name="line.separator" value="&#10;"/>
    <property name="java.vm.specification.vendor" value="Oracle Corporation"/>
    <property name="java.specification.name" value="Java Platform API Specification"/>
    <property name="surefire.real.class.path" value="C:\Users\thmik\AppData\Local\Temp\surefire16022204047385456003\surefirebooter-20250303172844516_3.jar"/>
    <property name="junit.platform.listeners.uid.tracking.enabled" value="true"/>
    <property name="user.script" value=""/>
    <property name="sun.management.compiler" value="HotSpot 64-Bit Tiered Compilers"/>
    <property name="junit.platform.listeners.uid.tracking.output.dir" value="E:\Development\Projects\calculateTaxes\target\test-ids"/>
    <property name="java.runtime.version" value="17.0.9+11-LTS-jvmci-23.0-b21"/>
    <property name="user.name" value="thmik"/>
    <property name="path.separator" value=";"/>
    <property name="os.version" value="10.0"/>
    <property name="java.runtime.name" value="Java(TM) SE Runtime Environment"/>
    <property name="file.encoding" value="Cp1252"/>
    <property name="java.vm.name" value="Java HotSpot(TM) 64-Bit Server VM"/>
    <property name="java.vendor.version" value="Oracle GraalVM 17.0.9+11.1"/>
    <property name="localRepository" value="C:\Users\thmik\.m2\repository"/>
    <property name="java.vendor.url.bug" value="https://bugreport.java.com/bugreport/"/>
    <property name="java.io.tmpdir" value="C:\Users\thmik\AppData\Local\Temp\"/>
    <property name="idea.version" value="2023.3.4"/>
    <property name="java.version" value="17.0.9"/>
    <property name="user.dir" value="E:\Development\Projects\calculateTaxes"/>
    <property name="os.arch" value="amd64"/>
    <property name="java.vm.specification.name" value="Java Virtual Machine Specification"/>
    <property name="sun.os.patch.level" value=""/>
    <property name="native.encoding" value="Cp1252"/>
    <property name="java.library.path" value="E:\Development\graalvm-jdk-17.0.9_windows-x64_bin\graalvm-jdk-17.0.9+11.1\bin;C:\Windows\Sun\Java\bin;C:\Windows\system32;C:\Windows;E:\Development\graalvm-jdk-17.0.9_windows-x64_bin\graalvm-jdk-17.0.9+11.1\bin;C:\Program Files\Common Files\Oracle\Java\javapath;C:\Python312\Scripts\;C:\Python312\;C:\Windows\system32;C:\Windows;C:\Windows\System32\Wbem;C:\Windows\System32\WindowsPowerShell\v1.0\;C:\Windows\System32\OpenSSH\;C:\Program Files (x86)\NVIDIA Corporation\PhysX\Common;C:\Program Files\Git\cmd;E:\Development\node\;C:\ProgramData\chocolatey\bin;;C:\Program Files\NVIDIA Corporation\NVIDIA app\NvDLISR;C:\Users\thmik\AppData\Local\Microsoft\WindowsApps;C:\Program Files\JetBrains\IntelliJ IDEA Community Edition 2021.2.3\bin;C:\Users\thmik\AppData\Local\Programs\Microsoft VS Code\bin;E:\IntelliJ IDEA 2023.2.5\bin;C:\Users\thmik\AppData\Roaming\npm;C:\Program Files (x86)\Windows Kits\10\Windows Performance Toolkit\;C:\Users\thmik\AppData\Local\Microsoft\WindowsApps;;C:\Program Files\JetBrains\IntelliJ IDEA Community Edition 2021.2.3\bin;;C:\Users\thmik\AppData\Local\Programs\Microsoft VS Code\bin;E:\IntelliJ IDEA 2023.2.5\bin;;C:\Users\thmik\AppData\Roaming\npm;."/>
    <property name="java.vm.info" value="mixed mode, sharing"/>
    <property name="java.vendor" value="Oracle Corporation"/>
    <property name="java.vm.version" value="17.0.9+11-LTS-jvmci-23.0-b21"/>
    <property name="sun.io.unicode.encoding" value="UnicodeLittle"/>
    <property name="java.class.version" value="61.0"/>
  </properties>
  <testcase name="should_throw_FileNotFoundException_when_invalid_file" classname="com.personal.calculateTaxes.commands.CalculatorCommandsTest" time="1.713"/>
  <testcase name="should_throw_JsonProcessingException_when_invalid_file" classname="com.personal.calculateTaxes.commands.CalculatorCommandsTest" time="0.035"/>
  <testcase name="should_throw_JsonProcessingException_when_invalid_line" classname="com.personal.calculateTaxes.commands.CalculatorCommandsTest" time="0.012"/>
  <testcase name="should_return_json_when_valid_file" classname="com.personal.calculateTaxes.commands.CalculatorCommandsTest" time="0.026"/>
  <testcase name="should_return_json_when_valid_line" classname="com.personal.calculateTaxes.commands.CalculatorCommandsTest" time="0.005"/>
</testsuite>